0 info it worked if it ends with ok
1 verbose cli [ '/usr/local/Cellar/node/6.2.0/bin/node',
1 verbose cli   '/usr/local/bin/npm',
1 verbose cli   'run',
1 verbose cli   'mocha' ]
2 info using npm@3.10.9
3 info using node@v6.2.0
4 verbose run-script [ 'premocha', 'mocha', 'postmocha' ]
5 info lifecycle broken-loop@1.0.0~premocha: broken-loop@1.0.0
6 silly lifecycle broken-loop@1.0.0~premocha: no script for premocha, continuing
7 info lifecycle broken-loop@1.0.0~mocha: broken-loop@1.0.0
8 verbose lifecycle broken-loop@1.0.0~mocha: unsafe-perm in lifecycle true
9 verbose lifecycle broken-loop@1.0.0~mocha: PATH: /usr/local/lib/node_modules/npm/bin/node-gyp-bin:/Volumes/git/personal/javascript/broken-loop/node_modules/.bin:/usr/local/Cellar/node/6.2.0/bin:/Users/dphilipson/activator-dist-1.3.10/bin:/usr/local/bin:/usr/bin:/bin:/usr/sbin:/sbin
10 verbose lifecycle broken-loop@1.0.0~mocha: CWD: /Volumes/git/personal/javascript/broken-loop
11 silly lifecycle broken-loop@1.0.0~mocha: Args: [ '-c',
11 silly lifecycle   'mocha --compilers ts:ts-node/register,tsx:ts-node/register' ]
12 silly lifecycle broken-loop@1.0.0~mocha: Returned: code: 1  signal: null
13 info lifecycle broken-loop@1.0.0~mocha: Failed to exec mocha script
14 verbose stack Error: broken-loop@1.0.0 mocha: `mocha --compilers ts:ts-node/register,tsx:ts-node/register`
14 verbose stack Exit status 1
14 verbose stack     at EventEmitter.<anonymous> (/usr/local/lib/node_modules/npm/lib/utils/lifecycle.js:255:16)
14 verbose stack     at emitTwo (events.js:106:13)
14 verbose stack     at EventEmitter.emit (events.js:191:7)
14 verbose stack     at ChildProcess.<anonymous> (/usr/local/lib/node_modules/npm/lib/utils/spawn.js:40:14)
14 verbose stack     at emitTwo (events.js:106:13)
14 verbose stack     at ChildProcess.emit (events.js:191:7)
14 verbose stack     at maybeClose (internal/child_process.js:850:16)
14 verbose stack     at Process.ChildProcess._handle.onexit (internal/child_process.js:215:5)
15 verbose pkgid broken-loop@1.0.0
16 verbose cwd /Volumes/git/personal/javascript/broken-loop
17 error Darwin 15.6.0
18 error argv "/usr/local/Cellar/node/6.2.0/bin/node" "/usr/local/bin/npm" "run" "mocha"
19 error node v6.2.0
20 error npm  v3.10.9
21 error code ELIFECYCLE
22 error broken-loop@1.0.0 mocha: `mocha --compilers ts:ts-node/register,tsx:ts-node/register`
22 error Exit status 1
23 error Failed at the broken-loop@1.0.0 mocha script 'mocha --compilers ts:ts-node/register,tsx:ts-node/register'.
23 error Make sure you have the latest version of node.js and npm installed.
23 error If you do, this is most likely a problem with the broken-loop package,
23 error not with npm itself.
23 error Tell the author that this fails on your system:
23 error     mocha --compilers ts:ts-node/register,tsx:ts-node/register
23 error You can get information on how to open an issue for this project with:
23 error     npm bugs broken-loop
23 error Or if that isn't available, you can get their info via:
23 error     npm owner ls broken-loop
23 error There is likely additional logging output above.
24 verbose exit [ 1, true ]
